{"level":"warning","msg":"\u001b[33mUsing a static string for session encryption. This is a security risk and should not be used in production.","time":"2022-01-19T09:46:03+01:00"}
{"level":"info","msg":"\u001b[34mQuickClip [your name of instance, eg hostname] is running on http://localhost:8081","time":"2022-01-19T09:46:03+01:00"}
{"level":"warning","msg":"\u001b[33mUsing a static string for session encryption. This is a security risk and should not be used in production.","time":"2022-01-19T09:48:13+01:00"}
{"level":"info","msg":"\u001b[34mQuickClip [your name of instance, eg hostname] is running on http://localhost:8081","time":"2022-01-19T09:48:13+01:00"}
{"level":"warning","msg":"\u001b[33mUsing a static string for session encryption. This is a security risk and should not be used in production.","time":"2022-01-19T11:19:59+01:00"}
{"level":"info","msg":"\u001b[34mQuickClip [your name of instance, eg hostname] is running on http://localhost:8081","time":"2022-01-19T11:19:59+01:00"}
{"level":"warning","msg":"\u001b[33mUsing a static string for session encryption. This is a security risk and should not be used in production.","time":"2022-01-19T11:20:01+01:00"}
{"level":"info","msg":"\u001b[34mQuickClip [your name of instance, eg hostname] is running on http://localhost:8081","time":"2022-01-19T11:20:01+01:00"}
{"level":"warning","msg":"\u001b[33mUsing a static string for session encryption. This is a security risk and should not be used in production.","time":"2022-01-19T11:42:24+01:00"}
{"level":"info","msg":"\u001b[34mQuickClip [your name of instance, eg hostname] is running on http://localhost:8081","time":"2022-01-19T11:42:24+01:00"}
{"level":"warning","msg":"\u001b[33mUsing a static string for session encryption. This is a security risk and should not be used in production.","time":"2022-01-19T11:45:52+01:00"}
{"level":"info","msg":"\u001b[34mQuickClip [your name of instance, eg hostname] is running on http://localhost:8081","time":"2022-01-19T11:45:52+01:00"}
{"level":"warning","msg":"\u001b[33mUsing a static string for session encryption. This is a security risk and should not be used in production.","time":"2022-01-19T11:47:46+01:00"}
{"level":"info","msg":"\u001b[34mQuickClip [your name of instance, eg hostname] is running on http://localhost:8081","time":"2022-01-19T11:47:46+01:00"}
{"level":"warning","msg":"\u001b[33mUsing a static string for session encryption. This is a security risk and should not be used in production.","time":"2022-01-19T11:47:59+01:00"}
{"level":"info","msg":"\u001b[34mQuickClip [your name of instance, eg hostname] is running on http://localhost:8081","time":"2022-01-19T11:47:59+01:00"}
{"level":"warning","msg":"\u001b[33mUsing a static string for session encryption. This is a security risk and should not be used in production.","time":"2022-01-19T14:20:22+01:00"}
{"level":"info","msg":"\u001b[34mQuickClip [your name of instance, eg hostname] is running on http://localhost:8081","time":"2022-01-19T14:20:22+01:00"}
{"level":"warning","msg":"\u001b[33mUsing a static string for session encryption. This is a security risk and should not be used in production.","time":"2022-01-19T14:23:03+01:00"}
{"level":"info","msg":"\u001b[34mQuickClip [your name of instance, eg hostname] is running on http://localhost:8081","time":"2022-01-19T14:23:03+01:00"}
{"level":"info","msg":"map[]","time":"2022-01-19T14:23:26+01:00"}
{"level":"info","msg":"","time":"2022-01-19T14:23:26+01:00"}
{"level":"info","msg":"map[]","time":"2022-01-19T14:23:35+01:00"}
{"level":"info","msg":"","time":"2022-01-19T14:23:35+01:00"}
{"level":"warning","msg":"\u001b[33mUsing a static string for session encryption. This is a security risk and should not be used in production.","time":"2022-01-19T14:23:43+01:00"}
{"level":"info","msg":"\u001b[34mQuickClip [your name of instance, eg hostname] is running on http://localhost:8081","time":"2022-01-19T14:23:43+01:00"}
{"level":"info","msg":"map[]","time":"2022-01-19T14:25:12+01:00"}
{"level":"info","msg":"","time":"2022-01-19T14:25:12+01:00"}
{"level":"info","msg":"map[]","time":"2022-01-19T14:25:14+01:00"}
{"level":"info","msg":"","time":"2022-01-19T14:25:14+01:00"}
{"level":"info","msg":"map[]","time":"2022-01-19T14:25:15+01:00"}
{"level":"info","msg":"","time":"2022-01-19T14:25:15+01:00"}
{"level":"info","msg":"map[]","time":"2022-01-19T14:25:33+01:00"}
{"level":"info","msg":"","time":"2022-01-19T14:25:33+01:00"}
{"level":"warning","msg":"\u001b[33mUsing a static string for session encryption. This is a security risk and should not be used in production.","time":"2022-01-19T14:26:02+01:00"}
{"level":"info","msg":"\u001b[34mQuickClip [your name of instance, eg hostname] is running on http://localhost:8081","time":"2022-01-19T14:26:02+01:00"}
{"level":"info","msg":"map[]","time":"2022-01-19T14:26:45+01:00"}
{"level":"info","msg":"","time":"2022-01-19T14:26:45+01:00"}
{"level":"info","msg":"map[Content:[12312313] Id:[1] Name:[myName]]","time":"2022-01-19T14:27:00+01:00"}
{"level":"info","msg":"Id","time":"2022-01-19T14:27:00+01:00"}
{"level":"info","msg":"invalid character 'I' looking for beginning of value","time":"2022-01-19T14:27:00+01:00"}
{"level":"info","msg":"Content","time":"2022-01-19T14:27:00+01:00"}
{"level":"info","msg":"invalid character 'C' looking for beginning of value","time":"2022-01-19T14:27:00+01:00"}
{"level":"info","msg":"Name","time":"2022-01-19T14:27:00+01:00"}
{"level":"info","msg":"invalid character 'N' looking for beginning of value","time":"2022-01-19T14:27:00+01:00"}
{"level":"info","msg":"","time":"2022-01-19T14:27:00+01:00"}
{"level":"info","msg":"map[]","time":"2022-01-19T14:27:12+01:00"}
{"level":"info","msg":"","time":"2022-01-19T14:27:12+01:00"}
{"level":"warning","msg":"\u001b[33mUsing a static string for session encryption. This is a security risk and should not be used in production.","time":"2022-01-19T14:27:25+01:00"}
{"level":"info","msg":"\u001b[34mQuickClip [your name of instance, eg hostname] is running on http://localhost:8081","time":"2022-01-19T14:27:25+01:00"}
{"level":"info","msg":"{}","time":"2022-01-19T14:27:25+01:00"}
{"level":"info","msg":"","time":"2022-01-19T14:27:25+01:00"}
{"level":"info","msg":"\u0026{0xc00000e048 \u003cnil\u003e \u003cnil\u003e false true {0 0} false false false 0x6a4120}","time":"2022-01-19T14:28:04+01:00"}
{"level":"info","msg":"","time":"2022-01-19T14:28:04+01:00"}
{"level":"warning","msg":"\u001b[33mUsing a static string for session encryption. This is a security risk and should not be used in production.","time":"2022-01-19T14:28:40+01:00"}
{"level":"info","msg":"\u001b[34mQuickClip [your name of instance, eg hostname] is running on http://localhost:8081","time":"2022-01-19T14:28:40+01:00"}
{"level":"info","msg":"","time":"2022-01-19T14:28:41+01:00"}
{"level":"warning","msg":"\u001b[33mUsing a static string for session encryption. This is a security risk and should not be used in production.","time":"2022-01-19T14:29:14+01:00"}
{"level":"info","msg":"\u001b[34mQuickClip [your name of instance, eg hostname] is running on http://localhost:8081","time":"2022-01-19T14:29:14+01:00"}
{"level":"warning","msg":"\u001b[33mUsing a static string for session encryption. This is a security risk and should not be used in production.","time":"2022-01-19T14:32:29+01:00"}
{"level":"info","msg":"\u001b[34mQuickClip [your name of instance, eg hostname] is running on http://localhost:8081","time":"2022-01-19T14:32:29+01:00"}
{"level":"warning","msg":"\u001b[33mUsing a static string for session encryption. This is a security risk and should not be used in production.","time":"2022-01-19T14:38:35+01:00"}
{"level":"info","msg":"\u001b[34mQuickClip [your name of instance, eg hostname] is running on http://localhost:8081","time":"2022-01-19T14:38:35+01:00"}
{"level":"info","msg":"MyName","time":"2022-01-19T14:38:39+01:00"}
{"level":"warning","msg":"\u001b[33mUsing a static string for session encryption. This is a security risk and should not be used in production.","time":"2022-01-19T14:42:49+01:00"}
{"level":"info","msg":"\u001b[34mQuickClip [your name of instance, eg hostname] is running on http://localhost:8081","time":"2022-01-19T14:42:49+01:00"}
{"level":"info","msg":"MyName","time":"2022-01-19T14:42:52+01:00"}
{"level":"warning","msg":"\u001b[33mUsing a static string for session encryption. This is a security risk and should not be used in production.","time":"2022-01-19T14:43:57+01:00"}
{"level":"info","msg":"\u001b[34mQuickClip [your name of instance, eg hostname] is running on http://localhost:8081","time":"2022-01-19T14:43:57+01:00"}
{"level":"warning","msg":"\u001b[33mUsing a static string for session encryption. This is a security risk and should not be used in production.","time":"2022-01-19T14:44:33+01:00"}
{"level":"info","msg":"\u001b[34mQuickClip [your name of instance, eg hostname] is running on http://localhost:8081","time":"2022-01-19T14:44:33+01:00"}
{"level":"warning","msg":"\u001b[33mUsing a static string for session encryption. This is a security risk and should not be used in production.","time":"2022-01-19T14:44:43+01:00"}
{"level":"info","msg":"\u001b[34mQuickClip [your name of instance, eg hostname] is running on http://localhost:8081","time":"2022-01-19T14:44:43+01:00"}
{"level":"warning","msg":"\u001b[33mUsing a static string for session encryption. This is a security risk and should not be used in production.","time":"2022-01-19T14:45:16+01:00"}
{"level":"info","msg":"\u001b[34mQuickClip [your name of instance, eg hostname] is running on http://localhost:8081","time":"2022-01-19T14:45:16+01:00"}
{"level":"warning","msg":"\u001b[33mUsing a static string for session encryption. This is a security risk and should not be used in production.","time":"2022-01-19T14:46:04+01:00"}
{"level":"info","msg":"\u001b[34mQuickClip [your name of instance, eg hostname] is running on http://localhost:8081","time":"2022-01-19T14:46:04+01:00"}
{"level":"warning","msg":"The Clip with ID: %s does not exist.myId","time":"2022-01-19T14:46:06+01:00"}
{"level":"warning","msg":"\u001b[33mUsing a static string for session encryption. This is a security risk and should not be used in production.","time":"2022-01-19T14:46:49+01:00"}
{"level":"info","msg":"\u001b[34mQuickClip [your name of instance, eg hostname] is running on http://localhost:8081","time":"2022-01-19T14:46:49+01:00"}
{"level":"warning","msg":"The Clip ID: myId does not exist.","time":"2022-01-19T14:46:58+01:00"}
{"level":"warning","msg":"The Clip ID: myId does not exist.","time":"2022-01-19T14:47:12+01:00"}
{"level":"warning","msg":"\u001b[33mUsing a static string for session encryption. This is a security risk and should not be used in production.","time":"2022-01-19T14:51:03+01:00"}
{"level":"info","msg":"\u001b[34mQuickClip [your name of instance, eg hostname] is running on http://localhost:8081","time":"2022-01-19T14:51:03+01:00"}
{"level":"warning","msg":"The Clip ID: myId does not exist.","time":"2022-01-19T14:51:17+01:00"}
{"level":"warning","msg":"\u001b[33mUsing a static string for session encryption. This is a security risk and should not be used in production.","time":"2022-01-19T14:55:36+01:00"}
{"level":"info","msg":"\u001b[34mQuickClip [your name of instance, eg hostname] is running on http://localhost:8081","time":"2022-01-19T14:55:36+01:00"}
{"level":"warning","msg":"\u001b[33mUsing a static string for session encryption. This is a security risk and should not be used in production.","time":"2022-01-19T14:58:53+01:00"}
{"level":"info","msg":"\u001b[34mQuickClip [your name of instance, eg hostname] is running on http://localhost:8081","time":"2022-01-19T14:58:53+01:00"}
{"level":"warning","msg":"\u001b[33mUsing a static string for session encryption. This is a security risk and should not be used in production.","time":"2022-01-19T15:03:54+01:00"}
{"level":"info","msg":"\u001b[34mQuickClip [your name of instance, eg hostname] is running on http://localhost:8081","time":"2022-01-19T15:03:54+01:00"}
{"level":"warning","msg":"\u001b[33mUsing a static string for session encryption. This is a security risk and should not be used in production.","time":"2022-01-19T15:04:39+01:00"}
{"level":"info","msg":"\u001b[34mQuickClip [your name of instance, eg hostname] is running on http://localhost:8081","time":"2022-01-19T15:04:39+01:00"}
{"level":"warning","msg":"\u001b[33mUsing a static string for session encryption. This is a security risk and should not be used in production.","time":"2022-01-19T15:07:07+01:00"}
{"level":"info","msg":"\u001b[34mQuickClip [your name of instance, eg hostname] is running on http://localhost:8081","time":"2022-01-19T15:07:07+01:00"}
{"level":"warning","msg":"\u001b[33mUsing a static string for session encryption. This is a security risk and should not be used in production.","time":"2022-01-19T15:08:43+01:00"}
{"level":"info","msg":"\u001b[34mQuickClip [your name of instance, eg hostname] is running on http://localhost:8081","time":"2022-01-19T15:08:43+01:00"}
{"level":"warning","msg":"\u001b[33mUsing a static string for session encryption. This is a security risk and should not be used in production.","time":"2022-01-19T15:09:40+01:00"}
{"level":"info","msg":"\u001b[34mQuickClip [your name of instance, eg hostname] is running on http://localhost:8081","time":"2022-01-19T15:09:40+01:00"}
{"level":"warning","msg":"\u001b[33mUsing a static string for session encryption. This is a security risk and should not be used in production.","time":"2022-01-19T15:10:00+01:00"}
{"level":"info","msg":"\u001b[34mQuickClip [your name of instance, eg hostname] is running on http://localhost:8081","time":"2022-01-19T15:10:00+01:00"}
{"level":"warning","msg":"\u001b[33mUsing a static string for session encryption. This is a security risk and should not be used in production.","time":"2022-01-19T15:10:16+01:00"}
{"level":"info","msg":"\u001b[34mQuickClip [your name of instance, eg hostname] is running on http://localhost:8081","time":"2022-01-19T15:10:16+01:00"}
{"level":"warning","msg":"\u001b[33mUsing a static string for session encryption. This is a security risk and should not be used in production.","time":"2022-01-19T15:12:26+01:00"}
{"level":"info","msg":"\u001b[34mQuickClip [your name of instance, eg hostname] is running on http://localhost:8081","time":"2022-01-19T15:12:26+01:00"}
{"level":"warning","msg":"\u001b[33mUsing a static string for session encryption. This is a security risk and should not be used in production.","time":"2022-01-19T15:13:48+01:00"}
{"level":"info","msg":"\u001b[34mQuickClip [your name of instance, eg hostname] is running on http://localhost:8081","time":"2022-01-19T15:13:48+01:00"}
{"level":"warning","msg":"\u001b[33mUsing a static string for session encryption. This is a security risk and should not be used in production.","time":"2022-01-19T15:14:37+01:00"}
{"level":"info","msg":"\u001b[34mQuickClip [your name of instance, eg hostname] is running on http://localhost:8081","time":"2022-01-19T15:14:37+01:00"}
{"level":"warning","msg":"\u001b[33mUsing a static string for session encryption. This is a security risk and should not be used in production.","time":"2022-01-19T15:15:17+01:00"}
{"level":"info","msg":"\u001b[34mQuickClip [your name of instance, eg hostname] is running on http://localhost:8081","time":"2022-01-19T15:15:17+01:00"}
{"level":"warning","msg":"\u001b[33mUsing a static string for session encryption. This is a security risk and should not be used in production.","time":"2022-01-19T15:15:30+01:00"}
{"level":"info","msg":"\u001b[34mQuickClip [your name of instance, eg hostname] is running on http://localhost:8081","time":"2022-01-19T15:15:30+01:00"}
{"level":"warning","msg":"\u001b[33mUsing a static string for session encryption. This is a security risk and should not be used in production.","time":"2022-01-19T15:19:33+01:00"}
{"level":"info","msg":"\u001b[34mQuickClip [your name of instance, eg hostname] is running on http://localhost:8081","time":"2022-01-19T15:19:33+01:00"}
{"level":"warning","msg":"\u001b[33mUsing a static string for session encryption. This is a security risk and should not be used in production.","time":"2022-01-19T15:20:52+01:00"}
{"level":"info","msg":"\u001b[34mQuickClip [your name of instance, eg hostname] is running on http://localhost:8081","time":"2022-01-19T15:20:52+01:00"}
{"level":"warning","msg":"The Clip ID: ida does not exist.","time":"2022-01-19T15:21:13+01:00"}
{"level":"warning","msg":"The Clip ID: ida does not exist.","time":"2022-01-19T15:25:44+01:00"}
{"level":"warning","msg":"\u001b[33mUsing a static string for session encryption. This is a security risk and should not be used in production.","time":"2022-01-19T15:27:01+01:00"}
{"level":"info","msg":"\u001b[34mQuickClip [your name of instance, eg hostname] is running on http://localhost:8081","time":"2022-01-19T15:27:01+01:00"}
